<?xml version="1.0" encoding="UTF-8"?>
<coverage generated="1559200453201" clover="3.2.0">
  <project timestamp="1559200453201" name="All files">
    <metrics statements="38" coveredstatements="34" conditionals="8" coveredconditionals="7" methods="14" coveredmethods="12" elements="60" coveredelements="53" complexity="0" loc="38" ncloc="38" packages="6" files="7" classes="7"/>
    <package name="weather">
      <metrics statements="1" coveredstatements="1" conditionals="0" coveredconditionals="0" methods="0" coveredmethods="0"/>
      <file name="config.js" path="/Users/apple/Desktop/weather/config.js">
        <metrics statements="1" coveredstatements="1" conditionals="0" coveredconditionals="0" methods="0" coveredmethods="0"/>
        <line num="1" count="2" type="stmt"/>
      </file>
    </package>
    <package name="weather.src.components">
      <metrics statements="2" coveredstatements="2" conditionals="0" coveredconditionals="0" methods="1" coveredmethods="1"/>
      <file name="app.js" path="/Users/apple/Desktop/weather/src/components/app.js">
        <metrics statements="1" coveredstatements="1" conditionals="0" coveredconditionals="0" methods="1" coveredmethods="1"/>
        <line num="8" count="1" type="stmt"/>
      </file>
      <file name="icon.js" path="/Users/apple/Desktop/weather/src/components/icon.js">
        <metrics statements="1" coveredstatements="1" conditionals="0" coveredconditionals="0" methods="0" coveredmethods="0"/>
        <line num="1" count="4" type="stmt"/>
      </file>
    </package>
    <package name="weather.src.components.card">
      <metrics statements="12" coveredstatements="8" conditionals="2" coveredconditionals="1" methods="4" coveredmethods="2"/>
      <file name="card.js" path="/Users/apple/Desktop/weather/src/components/card/card.js">
        <metrics statements="12" coveredstatements="8" conditionals="2" coveredconditionals="1" methods="4" coveredmethods="2"/>
        <line num="9" count="2" type="stmt"/>
        <line num="10" count="3" type="stmt"/>
        <line num="11" count="3" type="stmt"/>
        <line num="12" count="3" type="stmt"/>
        <line num="13" count="1" type="stmt"/>
        <line num="14" count="1" type="stmt"/>
        <line num="23" count="0" type="stmt"/>
        <line num="24" count="0" type="stmt"/>
        <line num="25" count="0" type="stmt"/>
        <line num="30" count="3" type="cond" truecount="1" falsecount="1"/>
        <line num="31" count="0" type="stmt"/>
        <line num="76" count="3" type="stmt"/>
      </file>
    </package>
    <package name="weather.src.components.navbar">
      <metrics statements="1" coveredstatements="1" conditionals="0" coveredconditionals="0" methods="1" coveredmethods="1"/>
      <file name="navbar.js" path="/Users/apple/Desktop/weather/src/components/navbar/navbar.js">
        <metrics statements="1" coveredstatements="1" conditionals="0" coveredconditionals="0" methods="1" coveredmethods="1"/>
        <line num="4" count="2" type="stmt"/>
      </file>
    </package>
    <package name="weather.src.components.smallCard">
      <metrics statements="2" coveredstatements="2" conditionals="0" coveredconditionals="0" methods="2" coveredmethods="2"/>
      <file name="index.js" path="/Users/apple/Desktop/weather/src/components/smallCard/index.js">
        <metrics statements="2" coveredstatements="2" conditionals="0" coveredconditionals="0" methods="2" coveredmethods="2"/>
        <line num="6" count="1" type="stmt"/>
        <line num="8" count="4" type="stmt"/>
      </file>
    </package>
    <package name="weather.src.utils">
      <metrics statements="20" coveredstatements="20" conditionals="6" coveredconditionals="6" methods="6" coveredmethods="6"/>
      <file name="utils.js" path="/Users/apple/Desktop/weather/src/utils/utils.js">
        <metrics statements="20" coveredstatements="20" conditionals="6" coveredconditionals="6" methods="6" coveredmethods="6"/>
        <line num="4" count="4" type="stmt"/>
        <line num="5" count="2" type="cond" truecount="2" falsecount="0"/>
        <line num="6" count="1" type="stmt"/>
        <line num="7" count="40" type="stmt"/>
        <line num="8" count="1" type="stmt"/>
        <line num="9" count="1" type="stmt"/>
        <line num="12" count="1" type="stmt"/>
        <line num="18" count="4" type="stmt"/>
        <line num="19" count="2" type="cond" truecount="2" falsecount="0"/>
        <line num="20" count="1" type="stmt"/>
        <line num="21" count="1" type="stmt"/>
        <line num="22" count="160" type="stmt"/>
        <line num="23" count="21" type="stmt"/>
        <line num="24" count="4" type="stmt"/>
        <line num="26" count="1" type="stmt"/>
        <line num="28" count="1" type="stmt"/>
        <line num="34" count="4" type="stmt"/>
        <line num="35" count="6" type="cond" truecount="2" falsecount="0"/>
        <line num="36" count="5" type="stmt"/>
        <line num="38" count="1" type="stmt"/>
      </file>
    </package>
  </project>
</coverage>
