{"/Users/apple/Desktop/weather/config.js": {"path":"/Users/apple/Desktop/weather/config.js","statementMap":{"0":{"start":{"line":1,"column":0},"end":{"line":4,"column":1}}},"fnMap":{},"branchMap":{},"s":{"0":2},"f":{},"b":{},"_coverageSchema":"43e27e138ebf9cfc5966b082cf9a028302ed4184","hash":"09376c1e21745744eeb760eae750679e4350d724"}
,"/Users/apple/Desktop/weather/src/components/app.js": {"path":"/Users/apple/Desktop/weather/src/components/app.js","statementMap":{"0":{"start":{"line":8,"column":4},"end":{"line":15,"column":6}}},"fnMap":{"0":{"name":"(anonymous_0)","decl":{"start":{"line":7,"column":2},"end":{"line":7,"column":3}},"loc":{"start":{"line":7,"column":10},"end":{"line":16,"column":3}},"line":7}},"branchMap":{},"s":{"0":1},"f":{"0":1},"b":{},"_coverageSchema":"43e27e138ebf9cfc5966b082cf9a028302ed4184","hash":"9ba99bf344fdc6f234ae08e39eae2a1f45ca52a8"}
,"/Users/apple/Desktop/weather/src/components/icon.js": {"path":"/Users/apple/Desktop/weather/src/components/icon.js","statementMap":{"0":{"start":{"line":1,"column":0},"end":{"line":12,"column":1}}},"fnMap":{},"branchMap":{},"s":{"0":4},"f":{},"b":{},"_coverageSchema":"43e27e138ebf9cfc5966b082cf9a028302ed4184","hash":"c8805af062347948006a1fd8bc0577df5e1cdb45"}
,"/Users/apple/Desktop/weather/src/components/card/card.js": {"path":"/Users/apple/Desktop/weather/src/components/card/card.js","statementMap":{"0":{"start":{"line":9,"column":13},"end":{"line":78,"column":1}},"1":{"start":{"line":10,"column":30},"end":{"line":10,"column":42}},"2":{"start":{"line":11,"column":32},"end":{"line":11,"column":44}},"3":{"start":{"line":12,"column":4},"end":{"line":28,"column":6}},"4":{"start":{"line":13,"column":24},"end":{"line":13,"column":44}},"5":{"start":{"line":14,"column":8},"end":{"line":27,"column":7}},"6":{"start":{"line":23,"column":5},"end":{"line":26,"column":8}},"7":{"start":{"line":24,"column":4},"end":{"line":24,"column":40}},"8":{"start":{"line":25,"column":4},"end":{"line":25,"column":42}},"9":{"start":{"line":30,"column":1},"end":{"line":77,"column":2}},"10":{"start":{"line":31,"column":2},"end":{"line":74,"column":4}},"11":{"start":{"line":76,"column":2},"end":{"line":76,"column":13}}},"fnMap":{"0":{"name":"(anonymous_0)","decl":{"start":{"line":9,"column":13},"end":{"line":9,"column":14}},"loc":{"start":{"line":9,"column":24},"end":{"line":78,"column":1}},"line":9},"1":{"name":"(anonymous_1)","decl":{"start":{"line":12,"column":14},"end":{"line":12,"column":15}},"loc":{"start":{"line":12,"column":19},"end":{"line":28,"column":2}},"line":12},"2":{"name":"(anonymous_2)","decl":{"start":{"line":22,"column":14},"end":{"line":22,"column":15}},"loc":{"start":{"line":22,"column":26},"end":{"line":27,"column":5}},"line":22},"3":{"name":"(anonymous_3)","decl":{"start":{"line":23,"column":26},"end":{"line":23,"column":27}},"loc":{"start":{"line":23,"column":34},"end":{"line":26,"column":6}},"line":23}},"branchMap":{"0":{"loc":{"start":{"line":30,"column":1},"end":{"line":77,"column":2}},"type":"if","locations":[{"start":{"line":30,"column":1},"end":{"line":77,"column":2}},{"start":{"line":30,"column":1},"end":{"line":77,"column":2}}],"line":30}},"s":{"0":2,"1":3,"2":3,"3":3,"4":1,"5":1,"6":0,"7":0,"8":0,"9":3,"10":0,"11":3},"f":{"0":3,"1":1,"2":0,"3":0},"b":{"0":[0,3]},"_coverageSchema":"43e27e138ebf9cfc5966b082cf9a028302ed4184","hash":"a27c8645b8e29d69c5c108b404073c7276581912"}
,"/Users/apple/Desktop/weather/src/components/navbar/navbar.js": {"path":"/Users/apple/Desktop/weather/src/components/navbar/navbar.js","statementMap":{"0":{"start":{"line":4,"column":4},"end":{"line":25,"column":6}}},"fnMap":{"0":{"name":"Navbar","decl":{"start":{"line":3,"column":9},"end":{"line":3,"column":15}},"loc":{"start":{"line":3,"column":23},"end":{"line":26,"column":1}},"line":3}},"branchMap":{},"s":{"0":2},"f":{"0":2},"b":{},"_coverageSchema":"43e27e138ebf9cfc5966b082cf9a028302ed4184","hash":"138f23bba9148108720b7d256a90d50062faf44f"}
,"/Users/apple/Desktop/weather/src/components/smallCard/index.js": {"path":"/Users/apple/Desktop/weather/src/components/smallCard/index.js","statementMap":{"0":{"start":{"line":6,"column":8},"end":{"line":23,"column":10}},"1":{"start":{"line":8,"column":12},"end":{"line":22,"column":19}}},"fnMap":{"0":{"name":"SmallCards","decl":{"start":{"line":5,"column":9},"end":{"line":5,"column":19}},"loc":{"start":{"line":5,"column":27},"end":{"line":24,"column":1}},"line":5},"1":{"name":"(anonymous_1)","decl":{"start":{"line":7,"column":27},"end":{"line":7,"column":28}},"loc":{"start":{"line":7,"column":41},"end":{"line":22,"column":20}},"line":7}},"branchMap":{},"s":{"0":1,"1":4},"f":{"0":1,"1":4},"b":{},"_coverageSchema":"43e27e138ebf9cfc5966b082cf9a028302ed4184","hash":"88e8b7bfc0c2b8993cc0aa48bd4cd6edf1194f0e"}
,"/Users/apple/Desktop/weather/src/utils/utils.js": {"path":"/Users/apple/Desktop/weather/src/utils/utils.js","statementMap":{"0":{"start":{"line":4,"column":28},"end":{"line":15,"column":1}},"1":{"start":{"line":5,"column":4},"end":{"line":13,"column":5}},"2":{"start":{"line":6,"column":18},"end":{"line":6,"column":20}},"3":{"start":{"line":7,"column":25},"end":{"line":7,"column":122}},"4":{"start":{"line":7,"column":52},"end":{"line":7,"column":121}},"5":{"start":{"line":8,"column":4},"end":{"line":8,"column":29}},"6":{"start":{"line":9,"column":4},"end":{"line":9,"column":17}},"7":{"start":{"line":12,"column":8},"end":{"line":12,"column":38}},"8":{"start":{"line":18,"column":29},"end":{"line":31,"column":1}},"9":{"start":{"line":19,"column":4},"end":{"line":29,"column":5}},"10":{"start":{"line":20,"column":18},"end":{"line":20,"column":20}},"11":{"start":{"line":21,"column":8},"end":{"line":25,"column":9}},"12":{"start":{"line":21,"column":21},"end":{"line":21,"column":22}},"13":{"start":{"line":22,"column":33},"end":{"line":22,"column":147}},"14":{"start":{"line":22,"column":62},"end":{"line":22,"column":146}},"15":{"start":{"line":23,"column":33},"end":{"line":23,"column":104}},"16":{"start":{"line":23,"column":63},"end":{"line":23,"column":103}},"17":{"start":{"line":24,"column":12},"end":{"line":24,"column":37}},"18":{"start":{"line":26,"column":8},"end":{"line":26,"column":19}},"19":{"start":{"line":28,"column":8},"end":{"line":28,"column":38}},"20":{"start":{"line":34,"column":23},"end":{"line":40,"column":1}},"21":{"start":{"line":35,"column":4},"end":{"line":39,"column":5}},"22":{"start":{"line":36,"column":8},"end":{"line":36,"column":34}},"23":{"start":{"line":38,"column":8},"end":{"line":38,"column":20}}},"fnMap":{"0":{"name":"(anonymous_0)","decl":{"start":{"line":4,"column":28},"end":{"line":4,"column":29}},"loc":{"start":{"line":4,"column":45},"end":{"line":15,"column":1}},"line":4},"1":{"name":"(anonymous_1)","decl":{"start":{"line":7,"column":44},"end":{"line":7,"column":45}},"loc":{"start":{"line":7,"column":52},"end":{"line":7,"column":121}},"line":7},"2":{"name":"(anonymous_2)","decl":{"start":{"line":18,"column":29},"end":{"line":18,"column":30}},"loc":{"start":{"line":18,"column":46},"end":{"line":31,"column":1}},"line":18},"3":{"name":"(anonymous_3)","decl":{"start":{"line":22,"column":52},"end":{"line":22,"column":53}},"loc":{"start":{"line":22,"column":62},"end":{"line":22,"column":146}},"line":22},"4":{"name":"(anonymous_4)","decl":{"start":{"line":23,"column":53},"end":{"line":23,"column":54}},"loc":{"start":{"line":23,"column":63},"end":{"line":23,"column":103}},"line":23},"5":{"name":"(anonymous_5)","decl":{"start":{"line":34,"column":23},"end":{"line":34,"column":24}},"loc":{"start":{"line":34,"column":40},"end":{"line":40,"column":1}},"line":34}},"branchMap":{"0":{"loc":{"start":{"line":5,"column":4},"end":{"line":13,"column":5}},"type":"if","locations":[{"start":{"line":5,"column":4},"end":{"line":13,"column":5}},{"start":{"line":5,"column":4},"end":{"line":13,"column":5}}],"line":5},"1":{"loc":{"start":{"line":19,"column":4},"end":{"line":29,"column":5}},"type":"if","locations":[{"start":{"line":19,"column":4},"end":{"line":29,"column":5}},{"start":{"line":19,"column":4},"end":{"line":29,"column":5}}],"line":19},"2":{"loc":{"start":{"line":35,"column":4},"end":{"line":39,"column":5}},"type":"if","locations":[{"start":{"line":35,"column":4},"end":{"line":39,"column":5}},{"start":{"line":35,"column":4},"end":{"line":39,"column":5}}],"line":35}},"s":{"0":4,"1":2,"2":1,"3":1,"4":40,"5":1,"6":1,"7":1,"8":4,"9":2,"10":1,"11":1,"12":1,"13":4,"14":160,"15":4,"16":21,"17":4,"18":1,"19":1,"20":4,"21":6,"22":5,"23":1},"f":{"0":2,"1":40,"2":2,"3":160,"4":21,"5":6},"b":{"0":[1,1],"1":[1,1],"2":[5,1]},"_coverageSchema":"43e27e138ebf9cfc5966b082cf9a028302ed4184","hash":"a3f95247d52550ff7dea58533f3f061fea38dda4"}
}
