TN:
SF:/Users/apple/Desktop/weather/config.js
FNF:0
FNH:0
DA:1,2
LF:1
LH:1
BRF:0
BRH:0
end_of_record
TN:
SF:/Users/apple/Desktop/weather/src/components/app.js
FN:7,(anonymous_0)
FNF:1
FNH:1
FNDA:1,(anonymous_0)
DA:8,1
LF:1
LH:1
BRF:0
BRH:0
end_of_record
TN:
SF:/Users/apple/Desktop/weather/src/components/icon.js
FNF:0
FNH:0
DA:1,4
LF:1
LH:1
BRF:0
BRH:0
end_of_record
TN:
SF:/Users/apple/Desktop/weather/src/components/card/card.js
FN:9,(anonymous_0)
FN:12,(anonymous_1)
FN:22,(anonymous_2)
FN:23,(anonymous_3)
FNF:4
FNH:2
FNDA:3,(anonymous_0)
FNDA:1,(anonymous_1)
FNDA:0,(anonymous_2)
FNDA:0,(anonymous_3)
DA:9,2
DA:10,3
DA:11,3
DA:12,3
DA:13,1
DA:14,1
DA:23,0
DA:24,0
DA:25,0
DA:30,3
DA:31,0
DA:76,3
LF:12
LH:8
BRDA:30,0,0,0
BRDA:30,0,1,3
BRF:2
BRH:1
end_of_record
TN:
SF:/Users/apple/Desktop/weather/src/components/navbar/navbar.js
FN:3,Navbar
FNF:1
FNH:1
FNDA:2,Navbar
DA:4,2
LF:1
LH:1
BRF:0
BRH:0
end_of_record
TN:
SF:/Users/apple/Desktop/weather/src/components/smallCard/index.js
FN:5,SmallCards
FN:7,(anonymous_1)
FNF:2
FNH:2
FNDA:1,SmallCards
FNDA:4,(anonymous_1)
DA:6,1
DA:8,4
LF:2
LH:2
BRF:0
BRH:0
end_of_record
TN:
SF:/Users/apple/Desktop/weather/src/utils/utils.js
FN:4,(anonymous_0)
FN:7,(anonymous_1)
FN:18,(anonymous_2)
FN:22,(anonymous_3)
FN:23,(anonymous_4)
FN:34,(anonymous_5)
FNF:6
FNH:6
FNDA:2,(anonymous_0)
FNDA:40,(anonymous_1)
FNDA:2,(anonymous_2)
FNDA:160,(anonymous_3)
FNDA:21,(anonymous_4)
FNDA:6,(anonymous_5)
DA:4,4
DA:5,2
DA:6,1
DA:7,40
DA:8,1
DA:9,1
DA:12,1
DA:18,4
DA:19,2
DA:20,1
DA:21,1
DA:22,160
DA:23,21
DA:24,4
DA:26,1
DA:28,1
DA:34,4
DA:35,6
DA:36,5
DA:38,1
LF:20
LH:20
BRDA:5,0,0,1
BRDA:5,0,1,1
BRDA:19,1,0,1
BRDA:19,1,1,1
BRDA:35,2,0,5
BRDA:35,2,1,1
BRF:6
BRH:6
end_of_record
